
Initial statistics: 1 variables; iteration 0; function evaluation 0; phase 1
Function value 4.9325078e+02; maximum gradient component mag -9.1161e+02
Var    Value     Gradient |Var    Value     Gradient |Var    Value     Gradient
  1  0.16100 -9.11613e+02 |

 - final statistics:
1 variables; iteration 9; function evaluation 11
Function value 4.7138e+02; maximum gradient component mag -7.8483e+00
Exit code = 1;  converg criter 1.0000e+01
Var    Value     Gradient |Var    Value     Gradient |Var    Value     Gradient
  1  0.31793 -7.84827e+00 |

Initial statistics: 11 variables; iteration 0; function evaluation 0; phase 2
Function value 4.7137841e+02; maximum gradient component mag 4.2679e+02
Var    Value     Gradient |Var    Value     Gradient |Var    Value     Gradient
  1  0.31793 -7.84827e+00 |  2 -0.04836  4.26790e+02 |  3 -0.62322  4.60215e-03
  4  0.02270  3.12411e+02 |  5 -0.58476  9.85135e-03 |  6 -0.28824  7.21116e+01
  7  0.52463  2.95514e-01 |  8  0.00581  1.96474e+01 |  9 -0.12357 -5.04167e+00
 10  0.04087 -2.18922e+01 | 11 -0.11174  5.88268e+01 |

Intermediate statistics: 11 variables; iteration 20; function evaluation 25; phase 2
Function value 4.6420971e+02; maximum gradient component mag 5.4352e+01
Var    Value     Gradient |Var    Value     Gradient |Var    Value     Gradient
  1  0.87745 -2.66355e-02 |  2 -0.06108 -1.87081e+01 |  3 -0.63746 -3.06931e-03
  4  0.00995 -6.10912e+00 |  5 -0.58512 -2.45476e-04 |  6 -0.30484 -1.14491e+01
  7  0.41985  2.53637e-01 |  8 -0.00501  2.81110e+01 |  9 -0.11772  5.43517e+01
 10  0.04955  3.97314e+00 | 11 -0.14594  2.97731e+00 |

 - final statistics:
11 variables; iteration 25; function evaluation 30
Function value 4.6417e+02; maximum gradient component mag -9.4485e+00
Exit code = 1;  converg criter 1.0000e+01
Var    Value     Gradient |Var    Value     Gradient |Var    Value     Gradient
  1  0.89267 -2.19448e-02 |  2 -0.06059  3.36063e-02 |  3 -0.63999 -2.74594e-03
  4  0.01017 -3.97724e-02 |  5 -0.58505 -2.96275e-05 |  6 -0.30247  1.38085e-01
  7  0.38260  2.06772e-02 |  8 -0.00391 -6.24288e+00 |  9 -0.11855 -9.44855e+00
 10  0.04927  1.28246e-02 | 11 -0.14962 -8.26638e-02 |

Initial statistics: 55 variables; iteration 0; function evaluation 0; phase 3
Function value 4.6417346e+02; maximum gradient component mag 4.2340e+02
Var    Value     Gradient |Var    Value     Gradient |Var    Value     Gradient
  1  0.89267 -2.19448e-02 |  2  0.00000  3.34266e+01 |  3  0.00000 -4.45966e+00
  4  0.00000 -5.14376e+01 |  5  0.00000 -3.90407e+01 |  6  0.00000  3.14471e+01
  7  0.00000  9.73909e+01 |  8  0.00000  1.39580e+02 |  9  0.00000  1.78520e+02
 10  0.00000  1.66261e+02 | 11  0.00000  4.36684e+01 | 12  0.00000 -1.27577e+02
 13  0.00000 -2.66950e+02 | 14  0.00000 -2.57275e+02 | 15  0.00000 -2.45652e+02
 16  0.00000 -2.15335e+02 | 17  0.00000 -2.27725e+02 | 18  0.00000 -3.76811e+02
 19  0.00000 -3.33688e+02 | 20  0.00000 -7.90865e+01 | 21  0.00000 -4.70558e+01
 22  0.00000 -1.01047e+02 | 23  0.00000  1.32861e+02 | 24  0.00000  4.23405e+02
 25  0.00000  4.17658e+02 | 26  0.00000  3.62493e+02 | 27  0.00000  2.51191e+02
 28  0.00000  1.43502e+02 | 29  0.00000  3.49679e+01 | 30  0.00000 -4.74132e+01
 31  0.00000 -3.58155e+01 | 32 -0.06059  3.36063e-02 | 33 -0.63999 -2.74594e-03
 34  0.03469  1.88820e+01 | 35  0.51724 -3.42911e+00 | 36 -0.04854  1.30494e+02
 37  0.01017 -3.97724e-02 | 38 -0.58505 -2.96275e-05 | 39  0.03976 -7.76378e-01
 40  0.60046 -3.83153e+00 | 41 -0.08315 -2.40699e+01 | 42 -0.30247  1.38085e-01
 43 -0.64595 -3.47194e+00 | 44  0.38260  2.06772e-02 | 45 -0.40979 -3.17358e+00
 46 -0.00391 -6.24288e+00 | 47 -0.11855 -9.44855e+00 | 48  0.11800 -6.44420e+00
 49 -0.94223 -3.44596e-02 | 50 -0.00203 -2.15292e+01 | 51  0.04927  1.28246e-02
 52 -0.14962 -8.26638e-02 | 53  0.01526 -4.50588e+00 | 54  0.38515  1.37828e+00
 55  0.00469  1.02091e+02 |

Intermediate statistics: 55 variables; iteration 20; function evaluation 31; phase 3
Function value 3.6577515e+02; maximum gradient component mag 3.5785e+02
Var    Value     Gradient |Var    Value     Gradient |Var    Value     Gradient
  1  0.89249  3.86318e-03 |  2 -0.02613  6.81323e+00 |  3 -0.00153  8.48655e+00
  4  0.05236  8.70194e+00 |  5  0.04728  5.38414e+00 |  6  0.00175  5.49879e-01
  7 -0.01687 -4.66645e+00 |  8  0.00305 -6.53856e+00 |  9 -0.01004 -4.16179e-01
 10 -0.04433 -7.04627e-01 | 11  0.00833 -1.85949e+01 | 12 -0.04195 -3.29115e+01
 13  0.11414 -5.06658e+01 | 14 -0.06831 -3.55154e+01 | 15  0.03971 -4.06603e+01
 16  0.00745 -2.44938e+01 | 17 -0.05963 -1.02515e+01 | 18  0.08334  3.28342e+01
 19  0.06260  5.46004e+00 | 20 -0.09319 -1.36413e+01 | 21 -0.04072 -3.77189e+00
 22  0.10484  2.40643e+01 | 23  0.00111  6.84121e+01 | 24 -0.08851  7.98597e+01
 25 -0.06564  8.12829e+01 | 26 -0.03670  7.63127e+01 | 27 -0.01713  5.97918e+01
 28 -0.01567  4.33390e+01 | 29  0.00778  3.90186e+01 | 30  0.07731  3.90232e+01
 31  0.02480  2.53045e+01 | 32 -0.07738 -3.08250e+02 | 33 -0.63999 -2.52983e-03
 34  0.03230  3.57846e+02 | 35  0.61484 -1.34067e+01 | 36 -0.08642 -8.78088e+01
 37  0.01118  1.31148e+02 | 38 -0.58505  2.57454e-03 | 39  0.03345 -1.71328e+02
 40  0.60529  4.94614e+00 | 41 -0.09733 -5.16110e+00 | 42 -0.30867 -2.19930e+01
 43 -0.66065  2.56220e+00 | 44  0.38281 -3.07182e-01 | 45 -0.39795  6.39836e-01
 46 -0.00353 -4.50621e+01 | 47 -0.26645 -6.98513e+00 | 48  0.10441 -1.76537e+02
 49 -0.94193 -3.42800e-02 | 50 -0.01294  7.74061e+01 | 51  0.04343  1.67472e+01
 52 -0.12175 -7.67481e+00 | 53  0.01590 -2.29273e+01 | 54  0.40518 -2.73567e+00
 55 -0.02179 -1.49058e+01 |
55 variables; iteration 40; function evaluation 53; phase 3
Function value 3.6139532e+02; maximum gradient component mag 1.2669e+03
Var    Value     Gradient |Var    Value     Gradient |Var    Value     Gradient
  1  0.88122  9.20581e-03 |  2 -0.02473  2.40236e+00 |  3  0.01454  8.65912e+00
  4  0.03462 -1.29534e+01 |  5  0.05341 -6.84815e+00 |  6 -0.00512 -1.14772e+01
  7 -0.02319 -1.36419e+01 |  8 -0.00408 -4.30339e+00 |  9  0.00731  3.16313e+01
 10 -0.04001  5.70110e+00 | 11 -0.01233 -3.48892e+01 | 12 -0.01483 -4.24608e+01
 13  0.09646 -5.86678e+01 | 14 -0.03971 -3.15289e+01 | 15  0.04961 -2.84931e+01
 16 -0.00488 -4.15217e+01 | 17 -0.07042 -3.42509e+01 | 18  0.08370 -1.07758e+01
 19  0.05139 -1.28464e-02 | 20 -0.06839  2.52581e+00 | 21 -0.03121  8.46093e+00
 22  0.09943  2.53669e+01 | 23  0.00184  4.88172e+01 | 24 -0.10059  5.52611e+01
 25 -0.07675  5.37974e+01 | 26 -0.04122  5.71251e+01 | 27 -0.01275  5.46438e+01
 28 -0.01298  3.52811e+01 | 29  0.00047  1.72925e+01 | 30  0.07096  1.02394e+01
 31  0.02209  7.71447e+00 | 32 -0.07704 -1.92054e+02 | 33 -0.63991 -2.93122e-03
 34  0.02726  1.85897e+02 | 35  0.60763 -1.93149e+01 | 36 -0.08326 -1.00546e+02
 37  0.01416  1.55182e+02 | 38 -0.58539  6.85449e-03 | 39  0.03866 -1.17277e+02
 40  0.62961  2.35609e+01 | 41 -0.14363 -2.76477e+00 | 42 -0.30371 -6.06003e+00
 43 -0.65442  3.36074e+00 | 44  0.49949 -2.52165e-01 | 45 -0.38227  2.03930e+00
 46 -0.00289  1.26686e+03 | 47 -0.26931  7.32818e+01 | 48  0.11372 -5.91839e+01
 49 -0.92266  1.98430e-01 | 50 -0.01809  3.95504e+00 | 51  0.03329  1.19011e+01
 52 -0.13009  1.47385e+01 | 53  0.00761 -1.66172e+01 | 54  0.50824  6.35737e+00
 55 -0.02160  3.65224e+01 |
55 variables; iteration 60; function evaluation 83; phase 3
Function value 3.5414164e+02; maximum gradient component mag -1.4701e+02
Var    Value     Gradient |Var    Value     Gradient |Var    Value     Gradient
  1  0.72564  4.64030e-02 |  2 -0.02480 -5.02128e-01 |  3  0.00113  5.62288e-01
  4  0.05021  3.35422e-01 |  5  0.04590  1.38615e+00 |  6  0.00603  1.65943e+00
  7 -0.01433  3.12727e-01 |  8  0.00208  1.33998e+00 |  9 -0.01543 -2.88574e-02
 10 -0.04456  6.33888e-02 | 11 -0.00634  1.13645e-02 | 12  0.00865 -1.50565e+00
 13  0.08585 -4.54614e-01 | 14 -0.00106 -2.52223e-02 | 15  0.02685 -6.57037e-01
 16  0.01137 -1.20546e+00 | 17 -0.03894 -2.60202e+00 | 18  0.07015 -2.97226e+00
 19  0.05793 -2.19242e+00 | 20 -0.06898 -1.75781e+00 | 21 -0.03811  1.50102e-01
 22  0.10813 -6.58483e-02 | 23 -0.01257 -1.00634e+00 | 24 -0.12853  1.16950e+00
 25 -0.09025  1.62352e+00 | 26 -0.04669  1.43309e+00 | 27 -0.02256  1.36842e+00
 28 -0.01729  2.30980e+00 | 29  0.00068  7.52434e-01 | 30  0.07595  8.00483e-01
 31  0.01941  7.17556e-01 | 32 -0.06417  3.64871e+00 | 33 -0.63422 -6.69120e-04
 34  0.02964 -1.39292e+00 | 35  0.54322 -1.03614e+00 | 36 -0.06003 -1.96216e+00
 37  0.00989 -6.27882e-01 | 38 -0.58888  2.04052e-04 | 39  0.03825  1.67629e+00
 40  0.60163  2.26629e-01 | 41 -0.09140  5.31142e-01 | 42 -0.30557 -7.45281e-01
 43 -0.65674  2.51853e-01 | 44  1.07821 -2.28644e-02 | 45 -0.37898 -1.12855e+00
 46 -0.00228 -1.47015e+02 | 47 -0.28148 -6.16204e+00 | 48  0.11724  1.10156e+00
 49 -1.09601  5.38104e-02 | 50 -0.01621  3.08261e+00 | 51  0.04036  1.04521e+00
 52 -0.12435  1.36092e+00 | 53  0.01931 -4.10665e-01 | 54  0.44259  2.30296e-01
 55 -0.01944  1.83978e+00 |
  ic > imax  in fminim is answer attained ?
Var    Value     Gradient |Var    Value     Gradient |Var    Value     Gradient
  1  0.25775  8.40905e-02 |  2 -0.02429  3.44761e-01 |  3 -0.00146  5.35432e-01
  4  0.05331  1.22047e-01 |  5  0.04245  1.16996e+00 |  6  0.00282  5.47851e-01
  7 -0.01090  1.64582e-01 |  8 -0.00071  9.65409e-01 |  9 -0.01177  3.34701e-01
 10 -0.04780  9.94063e-01 | 11 -0.00633  7.59920e-01 | 12  0.00861  1.07278e+00
 13  0.08409 -1.10399e+00 | 14  0.00685 -2.16557e+00 | 15  0.02410 -1.59879e+00
 16  0.01270 -1.79034e+00 | 17 -0.03501 -4.16749e-01 | 18  0.07044 -4.39822e-02
 19  0.05563  1.59098e-01 | 20 -0.06226 -2.59918e-01 | 21 -0.04235  6.09090e-02
 22  0.10790 -5.37048e-01 | 23 -0.00584 -6.17569e-01 | 24 -0.13294  3.54919e-01
 25 -0.09252  1.63314e-01 | 26 -0.04758  4.22189e-01 | 27 -0.02068 -9.26694e-02
 28 -0.02257  2.87364e-01 | 29  0.00265 -4.18558e-02 | 30  0.07624  2.14850e-02
 31  0.01717  1.81839e-01 | 32 -0.06675  2.29033e+00 | 33 -0.62902 -5.24209e-04
 34  0.02807 -1.33067e+00 | 35  0.55271  5.59935e-01 | 36 -0.06109  4.38720e+00
 37  0.00966  4.22888e-01 | 38 -0.59037  1.86049e-04 | 39  0.03786  4.51394e-01
 40  0.60060  1.71836e-01 | 41 -0.08976  4.99817e-01 | 42 -0.30609 -1.99443e-01
 43 -0.65746  1.03053e-01 | 44  1.29757 -3.77353e-03 | 45 -0.36996 -1.11839e-01
 46 -0.00220 -2.41322e+00 | 47 -0.28357  2.94548e-01 | 48  0.11687  3.16699e-01
 49 -1.08887  1.37973e-02 | 50 -0.01840 -1.59599e-01 | 51  0.04049 -2.38499e-01
 52 -0.12461 -7.13074e-01 | 53  0.01996 -1.53537e-01 | 54  0.44705 -1.63528e-01
 55 -0.02021 -9.84683e-01 |
Function minimizer not making progress ... is minimum attained?
Minimprove criterion = 0.0000e+00
Warning: the following parameters had issues
  selparm[20] is within 1% of lower bound: -1.0000e+01 < -9.8784e+00 < 1.5000e+01


 - final statistics:
55 variables; iteration 62; function evaluation 114
Function value 3.5360e+02; maximum gradient component mag 4.3872e+00
Exit code = 1;  converg criter 1.0000e-04
Var    Value     Gradient |Var    Value     Gradient |Var    Value     Gradient
  1  0.25775  8.40905e-02 |  2 -0.02429  3.44761e-01 |  3 -0.00146  5.35432e-01
  4  0.05331  1.22047e-01 |  5  0.04245  1.16996e+00 |  6  0.00282  5.47851e-01
  7 -0.01090  1.64582e-01 |  8 -0.00071  9.65409e-01 |  9 -0.01177  3.34701e-01
 10 -0.04780  9.94063e-01 | 11 -0.00633  7.59920e-01 | 12  0.00861  1.07278e+00
 13  0.08409 -1.10399e+00 | 14  0.00685 -2.16557e+00 | 15  0.02410 -1.59879e+00
 16  0.01270 -1.79034e+00 | 17 -0.03501 -4.16749e-01 | 18  0.07044 -4.39822e-02
 19  0.05563  1.59098e-01 | 20 -0.06226 -2.59918e-01 | 21 -0.04235  6.09090e-02
 22  0.10790 -5.37048e-01 | 23 -0.00584 -6.17569e-01 | 24 -0.13294  3.54919e-01
 25 -0.09252  1.63314e-01 | 26 -0.04758  4.22189e-01 | 27 -0.02068 -9.26694e-02
 28 -0.02257  2.87364e-01 | 29  0.00265 -4.18558e-02 | 30  0.07624  2.14850e-02
 31  0.01717  1.81839e-01 | 32 -0.06675  2.29033e+00 | 33 -0.62902 -5.24209e-04
 34  0.02807 -1.33067e+00 | 35  0.55271  5.59935e-01 | 36 -0.06109  4.38720e+00
 37  0.00966  4.22888e-01 | 38 -0.59037  1.86049e-04 | 39  0.03786  4.51394e-01
 40  0.60060  1.71836e-01 | 41 -0.08976  4.99817e-01 | 42 -0.30609 -1.99443e-01
 43 -0.65746  1.03053e-01 | 44  1.29757 -3.77353e-03 | 45 -0.36996 -1.11839e-01
 46 -0.00220 -2.41322e+00 | 47 -0.28357  2.94548e-01 | 48  0.11687  3.16699e-01
 49 -1.08887  1.37973e-02 | 50 -0.01840 -1.59599e-01 | 51  0.04049 -2.38499e-01
 52 -0.12461 -7.13074e-01 | 53  0.01996 -1.53537e-01 | 54  0.44705 -1.63528e-01
 55 -0.02021 -9.84683e-01 |
Estimating row 1 out of 55 for hessian
Estimating row 2 out of 55 for hessian
Estimating row 3 out of 55 for hessian
Estimating row 4 out of 55 for hessian
Estimating row 5 out of 55 for hessian
Estimating row 6 out of 55 for hessian
Estimating row 7 out of 55 for hessian
Estimating row 8 out of 55 for hessian
Estimating row 9 out of 55 for hessian
Estimating row 10 out of 55 for hessian
Estimating row 11 out of 55 for hessian
Estimating row 12 out of 55 for hessian
Estimating row 13 out of 55 for hessian
Estimating row 14 out of 55 for hessian
Estimating row 15 out of 55 for hessian
Estimating row 16 out of 55 for hessian
Estimating row 17 out of 55 for hessian
Estimating row 18 out of 55 for hessian
Estimating row 19 out of 55 for hessian
Estimating row 20 out of 55 for hessian
Estimating row 21 out of 55 for hessian
Estimating row 22 out of 55 for hessian
Estimating row 23 out of 55 for hessian
Estimating row 24 out of 55 for hessian
Estimating row 25 out of 55 for hessian
Estimating row 26 out of 55 for hessian
Estimating row 27 out of 55 for hessian
Estimating row 28 out of 55 for hessian
Estimating row 29 out of 55 for hessian
Estimating row 30 out of 55 for hessian
Estimating row 31 out of 55 for hessian
Estimating row 32 out of 55 for hessian
Estimating row 33 out of 55 for hessian
Estimating row 34 out of 55 for hessian
Estimating row 35 out of 55 for hessian
Estimating row 36 out of 55 for hessian
Estimating row 37 out of 55 for hessian
Estimating row 38 out of 55 for hessian
Estimating row 39 out of 55 for hessian
Estimating row 40 out of 55 for hessian
Estimating row 41 out of 55 for hessian
Estimating row 42 out of 55 for hessian
Estimating row 43 out of 55 for hessian
Estimating row 44 out of 55 for hessian
Estimating row 45 out of 55 for hessian
Estimating row 46 out of 55 for hessian
Estimating row 47 out of 55 for hessian
Estimating row 48 out of 55 for hessian
Estimating row 49 out of 55 for hessian
Estimating row 50 out of 55 for hessian
Estimating row 51 out of 55 for hessian
Estimating row 52 out of 55 for hessian
Estimating row 53 out of 55 for hessian
Estimating row 54 out of 55 for hessian
Estimating row 55 out of 55 for hessian
Warning -- Hessian does not appear to be positive definite
Hessian does not appear to be positive definite.
size of file gradfil1.tmp = 0
size of file gradfil2.tmp = 0
size of file varssave.tmp = 0
size of file cmpdiff.tmp = 0
