
Initial statistics: 1 variables; iteration 0; function evaluation 0; phase 1
Function value 5.0777350e+02; maximum gradient component mag -1.4404e+03
Var    Value     Gradient |Var    Value     Gradient |Var    Value     Gradient
  1  0.13855 -1.44041e+03 |

 - final statistics:
1 variables; iteration 8; function evaluation 11
Function value 4.7910e+02; maximum gradient component mag -4.5662e+00
Exit code = 1;  converg criter 1.0000e+01
Var    Value     Gradient |Var    Value     Gradient |Var    Value     Gradient
  1  0.25795 -4.56618e+00 |

Initial statistics: 11 variables; iteration 0; function evaluation 0; phase 2
Function value 4.7910497e+02; maximum gradient component mag 5.7553e+02
Var    Value     Gradient |Var    Value     Gradient |Var    Value     Gradient
  1  0.25795 -4.56618e+00 |  2 -0.03971  5.75526e+02 |  3 -0.61956  6.50224e-03
  4  0.02884  4.26834e+02 |  5 -0.58208  1.41331e-02 |  6 -0.28009  1.03821e+02
  7  0.42132  1.20868e+00 |  8  0.01648  5.93887e+01 |  9 -0.14943  1.37928e+01
 10  0.04168  6.35860e+01 | 11 -0.09018  3.54798e+02 |

 - final statistics:
11 variables; iteration 16; function evaluation 25
Function value 4.6672e+02; maximum gradient component mag 7.9284e+00
Exit code = 1;  converg criter 1.0000e+01
Var    Value     Gradient |Var    Value     Gradient |Var    Value     Gradient
  1  0.50082 -1.14514e+00 |  2 -0.05722 -4.67478e+00 |  3 -0.57659 -4.71376e-03
  4  0.01044 -4.07507e+00 |  5 -0.58918  1.95056e-04 |  6 -0.30130 -3.98376e-01
  7  0.27807 -1.80101e-01 |  8 -0.00494 -1.05039e+00 |  9 -0.13210 -6.01760e-01
 10  0.05050  3.07058e+00 | 11 -0.09647  7.92841e+00 |

Initial statistics: 55 variables; iteration 0; function evaluation 0; phase 3
Function value 4.6671882e+02; maximum gradient component mag 4.1626e+02
Var    Value     Gradient |Var    Value     Gradient |Var    Value     Gradient
  1  0.50082 -1.14514e+00 |  2  0.00000  2.24311e+01 |  3  0.00000 -1.86579e+01
  4  0.00000 -6.93622e+01 |  5  0.00000 -5.71878e+01 |  6  0.00000  1.63553e+01
  7  0.00000  8.83874e+01 |  8  0.00000  1.38780e+02 |  9  0.00000  1.88342e+02
 10  0.00000  1.84639e+02 | 11  0.00000  6.64388e+01 | 12  0.00000 -1.04661e+02
 13  0.00000 -2.44193e+02 | 14  0.00000 -2.34717e+02 | 15  0.00000 -2.24460e+02
 16  0.00000 -1.98797e+02 | 17  0.00000 -2.21781e+02 | 18  0.00000 -3.83809e+02
 19  0.00000 -3.49528e+02 | 20  0.00000 -1.00196e+02 | 21  0.00000 -6.82021e+01
 22  0.00000 -1.10313e+02 | 23  0.00000  1.25887e+02 | 24  0.00000  4.16263e+02
 25  0.00000  4.15197e+02 | 26  0.00000  3.64709e+02 | 27  0.00000  2.55302e+02
 28  0.00000  1.47919e+02 | 29  0.00000  3.81488e+01 | 30  0.00000 -4.55247e+01
 31  0.00000 -3.74084e+01 | 32 -0.05722 -4.67478e+00 | 33 -0.57659 -4.71376e-03
 34  0.03770  4.44009e+00 | 35  0.49807 -1.99464e+01 | 36 -0.04260  1.37713e+02
 37  0.01044 -4.07507e+00 | 38 -0.58918  1.95056e-04 | 39  0.04058  1.64872e+01
 40  0.60060  1.58126e+00 | 41 -0.07980 -1.50039e+01 | 42 -0.30130 -3.98376e-01
 43 -0.63972 -4.90406e-01 | 44  0.27807 -1.80101e-01 | 45 -0.42934 -2.78386e+00
 46 -0.00494 -1.05039e+00 | 47 -0.13210 -6.01760e-01 | 48  0.11868 -3.21875e+00
 49 -0.13425 -1.03749e-01 | 50  0.00344 -2.80473e+00 | 51  0.05050  3.07058e+00
 52 -0.09647  7.92841e+00 | 53  0.01346 -1.09298e+01 | 54 -0.00183  3.03776e-01
 55  0.01770  1.75034e+02 |

Intermediate statistics: 55 variables; iteration 20; function evaluation 29; phase 3
Function value 3.8710844e+02; maximum gradient component mag -4.0512e+02
Var    Value     Gradient |Var    Value     Gradient |Var    Value     Gradient
  1  0.48204  1.07981e+00 |  2 -0.03396 -2.95059e+01 |  3 -0.00720 -2.89760e+01
  4  0.06862 -1.50526e+01 |  5  0.06312 -2.59163e+01 |  6 -0.00504 -4.23596e+01
  7 -0.02380 -5.54021e+01 |  8  0.01893 -7.78120e+01 |  9 -0.00445 -6.52054e+01
 10 -0.05659 -5.02126e+01 | 11  0.03203 -8.20673e+01 | 12 -0.11561 -6.82062e+01
 13  0.14069 -5.29536e+01 | 14 -0.12715 -5.25498e+01 | 15  0.06275 -2.41411e+01
 16  0.03189 -3.15293e+01 | 17 -0.17345 -6.30800e+01 | 18  0.11041  9.44442e+01
 19  0.08246  1.26039e+02 | 20 -0.14793 -2.74155e+01 | 21 -0.01328  4.00070e+01
 22  0.13017  1.39280e+02 | 23 -0.01100  6.63409e+01 | 24 -0.05749  1.23264e+02
 25 -0.04257  1.23913e+02 | 26 -0.01942  1.11766e+02 | 27 -0.01308  6.57197e+01
 28 -0.01719  3.43788e+01 | 29  0.00881  2.73868e+01 | 30  0.08485  4.01292e+01
 31  0.03822  2.35549e+01 | 32 -0.06658  3.45780e+02 | 33 -0.57664  7.10386e-03
 34  0.01989 -4.05121e+02 | 35  0.54301  2.51383e+01 | 36 -0.04572  1.86469e+02
 37  0.01413  1.73648e+02 | 38 -0.58917  6.98467e-03 | 39  0.03781 -1.34622e+02
 40  0.64266  3.14206e+01 | 41 -0.15936 -1.03474e+00 | 42 -0.30042  3.33932e+01
 43 -0.66874 -1.03036e+01 | 44  0.27970 -1.07310e+00 | 45 -0.41505  2.10454e+00
 46 -0.02427 -4.49820e+01 | 47 -0.11733 -1.15961e+00 | 48  0.12824  1.02976e+02
 49 -0.13300 -1.21143e-01 | 50 -0.01658 -5.75869e+01 | 51  0.03914 -4.47020e+01
 52 -0.09502  2.41269e-01 | 53  0.01634  2.90550e+01 | 54  0.00024  1.75306e-03
 55 -0.00524  1.54835e+02 |
55 variables; iteration 40; function evaluation 73; phase 3
Function value 3.6517111e+02; maximum gradient component mag 9.5664e+01
Var    Value     Gradient |Var    Value     Gradient |Var    Value     Gradient
  1  0.18824 -1.79826e+00 |  2 -0.03169 -2.18848e+01 |  3  0.00334 -2.07758e+01
  4  0.05405 -3.58902e+01 |  5  0.01897 -4.72752e+01 |  6  0.01719 -1.77403e+01
  7  0.01518 -2.47835e+00 |  8 -0.00241 -3.23261e+01 |  9 -0.00872 -2.27920e+01
 10 -0.02067 -1.10983e+01 | 11  0.00049 -7.97477e+01 | 12 -0.06243 -7.26355e+01
 13  0.12020 -8.64203e+01 | 14 -0.10242 -6.08797e+01 | 15  0.04067 -4.60203e+01
 16  0.02765 -1.45006e+01 | 17 -0.09744 -2.83595e+01 | 18  0.09915  7.38008e+01
 19  0.04833 -7.71734e+00 | 20 -0.09448 -2.33047e+01 | 21 -0.00228  3.37795e+01
 22  0.10813  7.55376e+01 | 23 -0.00684  5.33293e+01 | 24 -0.08940  7.16594e+01
 25 -0.06525  7.99625e+01 | 26 -0.02398  9.56644e+01 | 27 -0.02412  5.70198e+01
 28 -0.00773  5.57742e+01 | 29  0.00325  3.06831e+01 | 30  0.06612  1.53894e+01
 31  0.01762  6.32883e-01 | 32 -0.05149 -6.52954e+01 | 33 -0.58095 -1.07422e-03
 34  0.03651  5.48890e+01 | 35  0.50821 -2.54272e+01 | 36 -0.05090 -6.53313e+01
 37  0.01515 -1.05384e+01 | 38 -0.58933 -3.15541e-03 | 39  0.03592 -4.62877e+01
 40  0.63257 -2.84281e+01 | 41 -0.22375 -1.04314e+00 | 42 -0.29786 -3.85537e+01
 43 -0.65161  9.53717e+00 | 44  0.59829 -3.26408e-02 | 45 -0.39843 -1.13275e+00
 46 -0.04123 -3.40301e+01 | 47 -0.09985 -4.39169e-01 | 48  0.11375  4.69016e+01
 49 -0.23773  2.78480e-01 | 50 -0.00842 -2.16669e+01 | 51  0.04318 -4.42439e+01
 52 -0.09710 -2.97797e+01 | 53  0.02039  3.39119e+01 | 54  0.13159 -1.75194e+00
 55 -0.01204  1.90371e+01 |
55 variables; iteration 60; function evaluation 103; phase 3
Function value 3.5147293e+02; maximum gradient component mag -1.1191e+02
Var    Value     Gradient |Var    Value     Gradient |Var    Value     Gradient
  1  0.14507 -1.02685e+02 |  2 -0.01370  7.99684e+00 |  3 -0.00389 -2.01391e+00
  4  0.04947  1.15308e+01 |  5  0.04691  1.25124e+01 |  6  0.00218  2.14804e+00
  7 -0.00889 -1.29736e+00 |  8  0.01511 -3.98037e+00 |  9 -0.00735 -1.87032e+01
 10 -0.05212 -2.07511e+01 | 11  0.00846 -1.47692e+01 | 12 -0.00869 -1.17704e+01
 13  0.07995  4.87711e+01 | 14  0.00697  5.13804e+01 | 15  0.01642  5.29850e+01
 16  0.01337  4.76482e+01 | 17 -0.02807  3.43829e+01 | 18  0.05251  2.72138e+01
 19  0.06412 -2.23517e+01 | 20 -0.04660 -1.36796e+01 | 21 -0.03813 -1.96738e+01
 22  0.10590 -5.80604e+01 | 23 -0.03930 -3.06781e+01 | 24 -0.11794 -1.63212e+01
 25 -0.08755 -3.59935e+01 | 26 -0.03907 -4.01917e+01 | 27 -0.01700 -2.14304e+01
 28 -0.02445 -8.50537e+00 | 29 -0.01101 -6.56125e+00 | 30  0.05844 -1.01976e+00
 31  0.02277  7.74129e+00 | 32 -0.05013 -1.11913e+02 | 33 -0.61172 -1.28182e-03
 34  0.03316  7.87169e+01 | 35  0.53191 -1.63567e+01 | 36 -0.05224 -8.54951e+01
 37  0.01652 -5.94794e+01 | 38 -0.59234 -1.63380e-03 | 39  0.03544  4.10485e+01
 40  0.65554 -5.52233e+00 | 41 -0.39523 -5.40258e-03 | 42 -0.28681 -2.15380e+01
 43 -0.64065  5.33955e+00 | 44  0.42569 -5.25500e-01 | 45 -0.41677  4.22850e+00
 46  0.01477  7.28196e+00 | 47 -0.12172  2.48390e-01 | 48  0.11964 -6.17142e+00
 49 -0.38554 -2.17525e-03 | 50  0.00576  9.63737e+00 | 51  0.04580  5.69033e+00
 52 -0.10193  8.19123e+00 | 53  0.02066  8.99529e+00 | 54  0.48664  1.03007e+00
 55 -0.00415 -1.12519e+01 |
55 variables; iteration 80; function evaluation 124; phase 3
Function value 3.4930221e+02; maximum gradient component mag 8.1355e-01
Var    Value     Gradient |Var    Value     Gradient |Var    Value     Gradient
  1  0.13688 -2.12778e-01 |  2 -0.01894 -1.68677e-02 |  3  0.00632 -3.95557e-02
  4  0.04372 -5.21062e-02 |  5  0.04316 -7.26546e-02 |  6  0.00208 -3.39744e-02
  7 -0.00752 -8.56901e-02 |  8  0.01421 -1.80323e-01 |  9 -0.00513 -1.07933e-01
 10 -0.04366 -5.36867e-02 | 11  0.00266  3.00270e-03 | 12  0.00862  3.52797e-02
 13  0.07244  1.38390e-01 | 14 -0.00208  4.34478e-02 | 15  0.01375  1.14942e-01
 16  0.01395  7.60941e-02 | 17 -0.03806  3.39053e-02 | 18  0.04873  9.00180e-02
 19  0.06934  6.63425e-02 | 20 -0.04972  3.90820e-02 | 21 -0.03223  3.95584e-02
 22  0.10284  2.97773e-02 | 23 -0.03078  2.03923e-02 | 24 -0.12388  5.64239e-02
 25 -0.07564  1.46478e-02 | 26 -0.03328  2.40935e-02 | 27 -0.01770 -2.61238e-02
 28 -0.02597 -1.32915e-02 | 29 -0.01023 -4.14770e-03 | 30  0.05920  3.95448e-02
 31  0.01363  2.54708e-02 | 32 -0.03848  2.26997e-01 | 33 -0.61959 -4.32614e-05
 34  0.03814 -7.07817e-02 | 35  0.49507  3.84018e-02 | 36 -0.04187  4.96287e-02
 37  0.02467 -9.61266e-02 | 38 -0.59094 -2.88750e-05 | 39  0.03825  6.20186e-02
 40  0.64915 -1.56244e-02 | 41 -0.39207 -4.90892e-03 | 42 -0.27897  5.90873e-02
 43 -0.63862 -1.82071e-02 | 44  0.41052  1.35637e-02 | 45 -0.43192  1.81596e-02
 46  0.00893  3.38303e-01 | 47 -0.11976  8.13546e-01 | 48  0.11689  2.16843e-02
 49 -0.34307 -1.87756e-03 | 50  0.00851  1.45942e-02 | 51  0.04167  1.56373e-01
 52 -0.10103  4.23289e-01 | 53  0.01323 -2.06669e-03 | 54  0.27578  8.89584e-04
 55  0.01909  5.65750e-02 |
55 variables; iteration 100; function evaluation 153; phase 3
Function value 3.4923483e+02; maximum gradient component mag 2.3414e+01
Var    Value     Gradient |Var    Value     Gradient |Var    Value     Gradient
  1  0.13796 -2.25195e+00 |  2 -0.01932 -1.90818e+00 |  3  0.00559 -2.20142e+00
  4  0.04455 -1.54408e+00 |  5  0.04342 -1.95963e+00 |  6  0.00246 -2.26768e+00
  7 -0.00835 -3.59487e+00 |  8  0.01417 -4.65115e+00 |  9 -0.00535 -5.41401e+00
 10 -0.04403 -5.11525e+00 | 11  0.00085 -5.35568e+00 | 12  0.01201 -1.83648e+00
 13  0.06924 -6.28182e+00 | 14  0.00159  1.20641e+00 | 15  0.01306  1.86849e+00
 16  0.01428  4.23970e+00 | 17 -0.03851  4.63141e+00 | 18  0.05075  1.21709e+01
 19  0.06853  5.65482e+00 | 20 -0.05072  7.29864e-01 | 21 -0.03078  2.55665e+00
 22  0.10308  5.62936e+00 | 23 -0.03205 -2.26295e-01 | 24 -0.12454 -5.18145e-01
 25 -0.07697 -1.10822e+00 | 26 -0.03286  8.91393e-01 | 27 -0.01840  3.30861e-01
 28 -0.02572  1.20680e+00 | 29 -0.00956  1.60775e+00 | 30  0.05922  2.24855e+00
 31  0.01420  8.50504e-01 | 32 -0.03887 -1.59322e+01 | 33 -0.76208 -7.52178e-03
 34  0.03810  4.42908e+00 | 35  0.49069 -6.46297e+00 | 36 -0.04181 -1.92037e+01
 37  0.02418 -8.18621e+00 | 38 -0.65437 -3.75341e-03 | 39  0.03827  7.04071e+00
 40  0.64824 -1.87709e+00 | 41 -0.36772 -7.76639e-03 | 42 -0.27931 -1.14709e+00
 43 -0.63778  1.00821e+00 | 44  0.41971 -1.74121e-01 | 45 -0.42756  1.60592e+00
 46  0.01424  1.78338e+01 | 47 -0.12872  2.34140e+01 | 48  0.11908  3.14264e+00
 49 -0.49204  6.29120e-01 | 50  0.00800  5.86993e+00 | 51  0.04226 -2.70298e+00
 52 -0.10598 -1.19895e+00 | 53  0.01352  1.63684e+00 | 54  0.26364 -6.20232e-02
 55  0.02304  1.03325e+01 |
55 variables; iteration 120; function evaluation 174; phase 3
Function value 3.4903125e+02; maximum gradient component mag -3.5891e+00
Var    Value     Gradient |Var    Value     Gradient |Var    Value     Gradient
  1  0.13777  4.95515e-01 |  2 -0.01920  1.72112e-01 |  3  0.00623  1.29709e-01
  4  0.04380  1.91136e-01 |  5  0.04329  2.38404e-01 |  6  0.00204  1.06593e-01
  7 -0.00771  8.49614e-02 |  8  0.01417  2.06186e-01 |  9 -0.00525  1.37547e-01
 10 -0.04375 -1.74131e-02 | 11  0.00244 -4.80912e-02 | 12  0.00878 -2.49898e-02
 13  0.07248 -2.68916e-01 | 14 -0.00197 -3.08808e-02 | 15  0.01400 -3.40655e-02
 16  0.01388 -8.18470e-03 | 17 -0.03804  1.62854e-02 | 18  0.04966  1.63020e-01
 19  0.06873 -1.22170e-01 | 20 -0.05007 -9.51165e-02 | 21 -0.03277 -1.15127e-01
 22  0.10296 -5.59272e-01 | 23 -0.02873 -1.68930e-01 | 24 -0.12489 -3.51396e-01
 25 -0.07635 -2.82711e-01 | 26 -0.03336 -1.10695e-01 | 27 -0.01780 -1.12310e-01
 28 -0.02599  7.21306e-04 | 29 -0.00995  4.47887e-02 | 30  0.05940 -1.81879e-02
 31  0.01377  4.07305e-02 | 32 -0.03907 -7.77010e-01 | 33 -0.57231  5.85520e-03
 34  0.03793  6.72879e-01 | 35  0.49621 -3.61345e-02 | 36 -0.04216  7.02627e-01
 37  0.02433  1.36572e-01 | 38 -0.54783  4.95284e-03 | 39  0.03820 -1.82121e-01
 40  0.64906  1.47578e-02 | 41 -0.35709 -9.01749e-03 | 42 -0.27950  3.16309e-02
 43 -0.63904  8.60181e-02 | 44  0.39259 -1.44876e-01 | 45 -0.43342  2.26121e-02
 46  0.01522 -2.22529e+00 | 47 -0.13011 -3.58907e+00 | 48  0.11843 -2.90764e-01
 49 -0.94514 -1.07665e-02 | 50  0.00415 -1.79386e-01 | 51  0.04165 -2.04319e-04
 52 -0.10275 -2.25160e-01 | 53  0.01333 -7.68404e-02 | 54  0.29542 -4.42707e-02
 55  0.01779 -4.84876e-01 |
55 variables; iteration 140; function evaluation 201; phase 3
Function value 3.4902762e+02; maximum gradient component mag -5.0881e-01
Var    Value     Gradient |Var    Value     Gradient |Var    Value     Gradient
  1  0.13778 -1.49902e-02 |  2 -0.01926  3.35081e-03 |  3  0.00624  4.05853e-03
  4  0.04380  6.66857e-03 |  5  0.04325  1.36173e-02 |  6  0.00208  1.34967e-03
  7 -0.00768 -2.05748e-02 |  8  0.01415 -3.25474e-02 |  9 -0.00527 -2.16898e-02
 10 -0.04374 -2.92431e-02 | 11  0.00249 -1.09866e-02 | 12  0.00866  1.30736e-02
 13  0.07262  6.33804e-02 | 14 -0.00211  1.42822e-03 | 15  0.01405  3.97794e-02
 16  0.01388  1.31293e-02 | 17 -0.03807 -9.33992e-03 | 18  0.04965  8.24288e-02
 19  0.06875  8.38513e-03 | 20 -0.05005 -1.32752e-02 | 21 -0.03280 -2.36273e-02
 22  0.10297 -7.81597e-02 | 23 -0.02880 -1.14859e-02 | 24 -0.12466 -4.37722e-02
 25 -0.07630 -4.65790e-02 | 26 -0.03341 -4.85615e-03 | 27 -0.01777 -2.38812e-02
 28 -0.02601 -8.18731e-03 | 29 -0.01002 -1.92078e-03 | 30  0.05946 -1.59527e-03
 31  0.01371  2.38743e-04 | 32 -0.03907  4.05467e-02 | 33 -0.61339  5.37877e-04
 34  0.03792 -2.94363e-02 | 35  0.49649  5.65385e-03 | 36 -0.04222  1.04153e-01
 37  0.02433 -1.65789e-02 | 38 -0.58684  3.31745e-04 | 39  0.03821  1.74213e-02
 40  0.64904 -8.74739e-03 | 41 -0.35087 -1.03057e-02 | 42 -0.27955  4.15696e-02
 43 -0.63919  7.78913e-04 | 44  0.41590  7.88520e-03 | 45 -0.43066 -2.44938e-02
 46  0.01426 -3.66472e-01 | 47 -0.12939 -5.08814e-01 | 48  0.11812 -4.70229e-02
 49 -0.93503 -1.09343e-03 | 50  0.00435  1.74901e-02 | 51  0.04165  2.18008e-02
 52 -0.10351  1.69915e-02 | 53  0.01334 -1.48271e-02 | 54  0.30898  2.63978e-03
 55  0.01759 -1.28743e-02 |
55 variables; iteration 160; function evaluation 240; phase 3
Function value 3.4860080e+02; maximum gradient component mag -1.1904e+01
Var    Value     Gradient |Var    Value     Gradient |Var    Value     Gradient
  1  0.13843  8.65644e-01 |  2 -0.01917  1.52146e-02 |  3  0.00587 -2.08421e-02
  4  0.04400 -3.68213e-02 |  5  0.04360 -2.71200e-02 |  6  0.00192 -5.70169e-02
  7 -0.00792 -9.28674e-02 |  8  0.01402 -1.22783e-01 |  9 -0.00559 -1.28652e-01
 10 -0.04354 -9.38042e-02 | 11  0.00225 -9.25076e-03 | 12  0.00905  2.80437e-02
 13  0.07320  1.09743e-01 | 14 -0.00217  3.89950e-02 | 15  0.01420  8.83459e-02
 16  0.01359  6.66917e-02 | 17 -0.03779  3.20026e-02 | 18  0.05018  1.96761e-01
 19  0.06845  6.45844e-02 | 20 -0.05083 -9.32141e-03 | 21 -0.03289  4.11854e-02
 22  0.10312  2.30729e-02 | 23 -0.02904 -1.45058e-02 | 24 -0.12498 -1.20837e-01
 25 -0.07678 -7.23019e-02 | 26 -0.03353 -2.96093e-02 | 27 -0.01785 -3.35943e-02
 28 -0.02582 -1.57827e-02 | 29 -0.00947  6.70038e-03 | 30  0.05976  7.25574e-03
 31  0.01397  1.22221e-02 | 32 -0.03961 -1.09923e-01 | 33 -1.10933  1.79767e-02
 34  0.03773 -2.97416e-02 | 35  0.49776 -8.62380e-02 | 36 -0.04255 -2.89043e-01
 37  0.02889  1.01016e-01 | 38 -0.65700 -3.98444e-03 | 39  0.04058 -7.35512e-02
 40  0.60057  1.26037e-02 | 41 -0.07976  3.43644e-02 | 42 -0.28000 -1.62052e-02
 43 -0.63963 -4.93040e-03 | 44  0.39286 -1.61862e-01 | 45 -0.43255  1.47648e-01
 46  0.01352 -8.76546e+00 | 47 -0.12885 -1.19037e+01 | 48  0.11804  4.50967e-02
 49 -0.92491  1.06319e-02 | 50  0.00397  1.76880e-01 | 51  0.04169  4.28224e-02
 52 -0.09698  1.10171e-01 | 53  0.01346  8.84018e-03 | 54  0.21171 -1.54289e-03
 55  0.01779  4.97505e-02 |
55 variables; iteration 180; function evaluation 269; phase 3
Function value 3.4859334e+02; maximum gradient component mag 2.1654e+01
Var    Value     Gradient |Var    Value     Gradient |Var    Value     Gradient
  1  0.13834 -4.41232e-01 |  2 -0.01917  1.24137e-03 |  3  0.00586 -1.05999e-02
  4  0.04400 -1.18947e-02 |  5  0.04356 -2.21167e-02 |  6  0.00190 -1.94916e-02
  7 -0.00790 -1.94206e-02 |  8  0.01404 -2.59201e-02 |  9 -0.00560 -2.80540e-02
 10 -0.04350  2.61814e-02 | 11  0.00225  5.99979e-02 | 12  0.00905  6.19673e-02
 13  0.07317  8.47009e-02 | 14 -0.00214  1.42687e-02 | 15  0.01414 -1.76691e-02
 16  0.01358 -2.22825e-02 | 17 -0.03769  7.18103e-03 | 18  0.05004 -2.25034e-02
 19  0.06850 -1.05353e-01 | 20 -0.05078 -5.32761e-02 | 21 -0.03293 -2.43379e-02
 22  0.10311 -3.23716e-02 | 23 -0.02919 -4.02176e-02 | 24 -0.12475  1.14283e-02
 25 -0.07671  1.44406e-02 | 26 -0.03354  1.03874e-02 | 27 -0.01784  4.46506e-02
 28 -0.02582  3.31634e-02 | 29 -0.00951  5.79839e-02 | 30  0.05975  6.17884e-02
 31  0.01393  1.93007e-02 | 32 -0.03958 -8.22356e-02 | 33 -1.38704 -5.98469e-04
 34  0.03774  2.95461e-02 | 35  0.49772 -1.02986e-02 | 36 -0.04253 -7.32057e-02
 37  0.02897 -7.24248e-01 | 38 -0.54218  4.28212e-03 | 39  0.04062  3.87157e-01
 40  0.59994 -3.35890e-01 | 41 -0.07949 -1.73086e-01 | 42 -0.27996 -5.43688e-02
 43 -0.63958 -2.23787e-03 | 44  0.42005  3.11391e-03 | 45 -0.42964  2.66320e-03
 46  0.01495  1.65851e+01 | 47 -0.12990  2.16543e+01 | 48  0.11850  6.03933e-02
 49 -0.93359 -2.74195e-03 | 50  0.00380  3.94995e-02 | 51  0.04162  8.16857e-02
 52 -0.10289  2.17799e-01 | 53  0.01343 -6.77149e-03 | 54  0.30074 -2.16163e-03
 55  0.01714 -1.81810e-02 |
55 variables; iteration 200; function evaluation 289; phase 3
Function value 3.4859280e+02; maximum gradient component mag 3.7374e-01
Var    Value     Gradient |Var    Value     Gradient |Var    Value     Gradient
  1  0.13839 -1.40723e-02 |  2 -0.01919 -1.05677e-03 |  3  0.00587 -1.61396e-03
  4  0.04399 -2.06133e-03 |  5  0.04357 -2.22527e-03 |  6  0.00191 -2.17123e-03
  7 -0.00791 -3.76046e-03 |  8  0.01403 -6.33201e-03 |  9 -0.00559 -3.15310e-03
 10 -0.04352 -9.22042e-04 | 11  0.00224  5.85918e-05 | 12  0.00905  1.51968e-03
 13  0.07317  4.29808e-03 | 14 -0.00214  1.45804e-03 | 15  0.01416  2.34152e-03
 16  0.01359  1.31172e-03 | 17 -0.03773  1.30439e-03 | 18  0.05011  4.77032e-03
 19  0.06847  1.38239e-03 | 20 -0.05079  6.02379e-04 | 21 -0.03295 -7.25876e-04
 22  0.10311  2.98792e-03 | 23 -0.02905 -5.52832e-04 | 24 -0.12480  3.70944e-03
 25 -0.07675 -6.44007e-04 | 26 -0.03353  1.16688e-03 | 27 -0.01786  4.77548e-04
 28 -0.02582  5.63432e-04 | 29 -0.00952  1.20721e-03 | 30  0.05977  1.68156e-03
 31  0.01393 -9.98026e-05 | 32 -0.03959  4.36276e-03 | 33 -1.38133 -7.74854e-05
 34  0.03774 -3.94849e-03 | 35  0.49775  1.82820e-03 | 36 -0.04254  6.63388e-03
 37  0.02889 -1.43318e-02 | 38 -0.58146  4.76516e-05 | 39  0.04058  9.73991e-03
 40  0.60061 -4.47779e-03 | 41 -0.07978 -2.88849e-03 | 42 -0.27998  1.69448e-04
 43 -0.63959 -5.47552e-04 | 44  0.42031  1.73359e-03 | 45 -0.42958 -1.72922e-03
 46  0.01382  2.72488e-01 | 47 -0.12906  3.73741e-01 | 48  0.11812  1.80463e-03
 49 -0.93421  5.37413e-05 | 50  0.00389 -8.90918e-04 | 51  0.04162  2.00549e-03
 52 -0.10362  4.41549e-03 | 53  0.01344 -4.79981e-04 | 54  0.30989  2.21498e-05
 55  0.01697  4.85984e-03 |
Warning: the following parameters had issues
  selparm[20] is within 1% of lower bound: -1.00000e+01 < -9.93355e+00 < 1.50000e+01


 - final statistics:
55 variables; iteration 206; function evaluation 295
Function value 3.4859e+02; maximum gradient component mag 5.3323e-05
Exit code = 1;  converg criter 1.0000e-04
Var    Value     Gradient |Var    Value     Gradient |Var    Value     Gradient
  1  0.13839 -1.01135e-06 |  2 -0.01920  4.56288e-07 |  3  0.00587  5.01187e-07
  4  0.04399  5.43329e-07 |  5  0.04357  6.11201e-07 |  6  0.00191  5.30701e-07
  7 -0.00791  1.05457e-06 |  8  0.01403  1.96963e-06 |  9 -0.00559  8.52093e-07
 10 -0.04352  5.65156e-07 | 11  0.00224  5.89491e-07 | 12  0.00905  1.46781e-07
 13  0.07317 -8.28753e-08 | 14 -0.00214 -1.17840e-07 | 15  0.01416 -6.88492e-07
 16  0.01359 -5.67008e-07 | 17 -0.03773 -5.27088e-07 | 18  0.05011 -2.09488e-06
 19  0.06847 -9.67131e-07 | 20 -0.05079 -4.18138e-07 | 21 -0.03295  9.62275e-09
 22  0.10311 -1.06443e-06 | 23 -0.02904 -3.99942e-07 | 24 -0.12481 -6.88775e-07
 25 -0.07675  2.53343e-07 | 26 -0.03353 -4.66853e-07 | 27 -0.01786  1.79676e-07
 28 -0.02582 -1.55544e-07 | 29 -0.00952 -8.31488e-08 | 30  0.05977 -6.85405e-07
 31  0.01393 -1.64081e-07 | 32 -0.03959 -8.05962e-07 | 33 -1.38045 -3.54112e-08
 34  0.03774  5.31511e-07 | 35  0.49775 -2.86467e-07 | 36 -0.04254 -2.63765e-06
 37  0.02889  6.80668e-07 | 38 -0.58206 -4.46843e-09 | 39  0.04058 -4.73558e-07
 40  0.60061  2.37624e-09 | 41 -0.07978 -4.77040e-07 | 42 -0.27998 -3.37281e-07
 43 -0.63959  3.98659e-08 | 44  0.42031  1.02589e-09 | 45 -0.42958  1.32911e-07
 46  0.01382  3.94749e-05 | 47 -0.12906  5.33233e-05 | 48  0.11812  6.70484e-07
 49 -0.93433  6.51318e-08 | 50  0.00389 -1.48284e-07 | 51  0.04162 -1.97993e-07
 52 -0.10364 -1.47652e-06 | 53  0.01344 -2.01455e-07 | 54  0.31013 -1.86377e-07
 55  0.01697 -1.09175e-06 |
Estimating row 1 out of 55 for hessian
Estimating row 2 out of 55 for hessian
Estimating row 3 out of 55 for hessian
Estimating row 4 out of 55 for hessian
Estimating row 5 out of 55 for hessian
Estimating row 6 out of 55 for hessian
Estimating row 7 out of 55 for hessian
Estimating row 8 out of 55 for hessian
Estimating row 9 out of 55 for hessian
Estimating row 10 out of 55 for hessian
Estimating row 11 out of 55 for hessian
Estimating row 12 out of 55 for hessian
Estimating row 13 out of 55 for hessian
Estimating row 14 out of 55 for hessian
Estimating row 15 out of 55 for hessian
Estimating row 16 out of 55 for hessian
Estimating row 17 out of 55 for hessian
Estimating row 18 out of 55 for hessian
Estimating row 19 out of 55 for hessian
Estimating row 20 out of 55 for hessian
Estimating row 21 out of 55 for hessian
Estimating row 22 out of 55 for hessian
Estimating row 23 out of 55 for hessian
Estimating row 24 out of 55 for hessian
Estimating row 25 out of 55 for hessian
Estimating row 26 out of 55 for hessian
Estimating row 27 out of 55 for hessian
Estimating row 28 out of 55 for hessian
Estimating row 29 out of 55 for hessian
Estimating row 30 out of 55 for hessian
Estimating row 31 out of 55 for hessian
Estimating row 32 out of 55 for hessian
Estimating row 33 out of 55 for hessian
Estimating row 34 out of 55 for hessian
Estimating row 35 out of 55 for hessian
Estimating row 36 out of 55 for hessian
Estimating row 37 out of 55 for hessian
Estimating row 38 out of 55 for hessian
Estimating row 39 out of 55 for hessian
Estimating row 40 out of 55 for hessian
Estimating row 41 out of 55 for hessian
Estimating row 42 out of 55 for hessian
Estimating row 43 out of 55 for hessian
Estimating row 44 out of 55 for hessian
Estimating row 45 out of 55 for hessian
Estimating row 46 out of 55 for hessian
Estimating row 47 out of 55 for hessian
Estimating row 48 out of 55 for hessian
Estimating row 49 out of 55 for hessian
Estimating row 50 out of 55 for hessian
Estimating row 51 out of 55 for hessian
Estimating row 52 out of 55 for hessian
Estimating row 53 out of 55 for hessian
Estimating row 54 out of 55 for hessian
Estimating row 55 out of 55 for hessian
size of file gradfil1.tmp = 0
size of file gradfil2.tmp = 0
size of file varssave.tmp = 0
size of file cmpdiff.tmp = 0
